<?xml version="1.0" encoding="UTF-8"?>
<!-- Generated by org.testng.reporters.JUnitReportReporter -->
<testsuite hostname="LAPTOP-M644PBGN" failures="0" tests="1" name="modulename.HomePage" time="17.342" errors="0" timestamp="2021-02-27T17:13:09 IST" skipped="0">
  <testcase classname="modulename.HomePage" name="loginwithInvalidcredentials_20001" time="17.342"/>
  <system-out/>
</testsuite> <!-- modulename.HomePage -->
