<?xml version="1.0" encoding="UTF-8"?>
<!-- Generated by org.testng.reporters.JUnitReportReporter -->
<testsuite hostname="LAPTOP-M644PBGN" failures="0" tests="2" name="modulename.HomePage" time="57.617" errors="0" timestamp="2021-03-09T17:27:27 IST" skipped="0">
  <testcase classname="modulename.HomePage" name="loginwithInvalidcredentials_20001" time="22.751"/>
  <system-out/>
  <testcase classname="modulename.HomePage" name="navigateToHomePage_FrontEnd_20002" time="34.866"/>
  <system-out/>
</testsuite> <!-- modulename.HomePage -->
